[ 2024-08-07 14:10:45,412 ] 160 numexpr.utils - INFO - NumExpr defaulting to 4 threads.
[ 2024-08-07 14:10:48,182 ] 97 werkzeug - WARNING -  * Debugger is active!
[ 2024-08-07 14:10:48,192 ] 97 werkzeug - INFO -  * Debugger PIN: 145-940-363
[ 2024-08-07 14:10:48,265 ] 97 werkzeug - INFO -  * Detected change in 'C:\\Users\\sumit\\anaconda3\\Lib\\site-packages\\jupyter_client\\launcher.py', reloading
[ 2024-08-07 14:10:48,278 ] 97 werkzeug - INFO -  * Detected change in 'C:\\Users\\sumit\\anaconda3\\Lib\\site-packages\\ipython_genutils\\__init__.py', reloading
[ 2024-08-07 14:10:48,293 ] 97 werkzeug - INFO -  * Detected change in 'C:\\Users\\sumit\\anaconda3\\Lib\\site-packages\\ipywidgets\\__init__.py', reloading
[ 2024-08-07 14:10:48,308 ] 97 werkzeug - INFO -  * Detected change in 'C:\\Users\\sumit\\anaconda3\\Lib\\site-packages\\isort\\__init__.py', reloading
[ 2024-08-07 14:10:48,327 ] 97 werkzeug - INFO -  * Detected change in 'C:\\Users\\sumit\\anaconda3\\Lib\\site-packages\\isort\\_version.py', reloading
[ 2024-08-07 14:10:48,349 ] 97 werkzeug - INFO -  * Detected change in 'C:\\Users\\sumit\\anaconda3\\Lib\\site-packages\\isort\\api.py', reloading
[ 2024-08-07 14:10:48,379 ] 97 werkzeug - INFO -  * Detected change in 'C:\\Users\\sumit\\anaconda3\\Lib\\site-packages\\isort\\place.py', reloading
[ 2024-08-07 14:10:48,404 ] 97 werkzeug - INFO -  * Detected change in 'C:\\Users\\sumit\\anaconda3\\Lib\\site-packages\\isort\\settings.py', reloading
[ 2024-08-07 14:10:48,434 ] 97 werkzeug - INFO -  * Detected change in 'C:\\Users\\sumit\\anaconda3\\Lib\\site-packages\\itemadapter\\__init__.py', reloading
[ 2024-08-07 14:10:48,455 ] 97 werkzeug - INFO -  * Detected change in 'C:\\Users\\sumit\\anaconda3\\Lib\\site-packages\\itemloaders\\__init__.py', reloading
[ 2024-08-07 14:10:48,471 ] 97 werkzeug - INFO -  * Detected change in 'C:\\Users\\sumit\\anaconda3\\Lib\\site-packages\\itsdangerous\\__init__.py', reloading
[ 2024-08-07 14:10:48,492 ] 97 werkzeug - INFO -  * Detected change in 'C:\\Users\\sumit\\anaconda3\\Lib\\site-packages\\itsdangerous\\encoding.py', reloading
[ 2024-08-07 14:10:48,509 ] 97 werkzeug - INFO -  * Detected change in 'C:\\Users\\sumit\\anaconda3\\Lib\\site-packages\\itsdangerous\\exc.py', reloading
[ 2024-08-07 14:10:48,529 ] 97 werkzeug - INFO -  * Detected change in 'C:\\Users\\sumit\\anaconda3\\Lib\\site-packages\\itsdangerous\\serializer.py', reloading
[ 2024-08-07 14:10:48,551 ] 97 werkzeug - INFO -  * Detected change in 'C:\\Users\\sumit\\anaconda3\\Lib\\site-packages\\itsdangerous\\signer.py', reloading
[ 2024-08-07 14:10:48,567 ] 97 werkzeug - INFO -  * Detected change in 'C:\\Users\\sumit\\anaconda3\\Lib\\site-packages\\itsdangerous\\timed.py', reloading
[ 2024-08-07 14:10:48,583 ] 97 werkzeug - INFO -  * Detected change in 'C:\\Users\\sumit\\anaconda3\\Lib\\site-packages\\itsdangerous\\url_safe.py', reloading
[ 2024-08-07 14:10:48,604 ] 97 werkzeug - INFO -  * Detected change in 'C:\\Users\\sumit\\anaconda3\\Lib\\site-packages\\jedi\\__init__.py', reloading
[ 2024-08-07 14:10:48,634 ] 97 werkzeug - INFO -  * Detected change in 'C:\\Users\\sumit\\anaconda3\\Lib\\site-packages\\jinja2\\bccache.py', reloading
[ 2024-08-07 14:10:48,662 ] 97 werkzeug - INFO -  * Detected change in 'C:\\Users\\sumit\\anaconda3\\Lib\\site-packages\\jinja2\\exceptions.py', reloading
[ 2024-08-07 14:10:48,683 ] 97 werkzeug - INFO -  * Detected change in 'C:\\Users\\sumit\\anaconda3\\Lib\\site-packages\\jinja2\\loaders.py', reloading
[ 2024-08-07 14:10:48,703 ] 97 werkzeug - INFO -  * Detected change in 'C:\\Users\\sumit\\anaconda3\\Lib\\site-packages\\jinja2\\runtime.py', reloading
[ 2024-08-07 14:10:48,731 ] 97 werkzeug - INFO -  * Detected change in 'C:\\Users\\sumit\\anaconda3\\Lib\\site-packages\\jinja2\\utils.py', reloading
[ 2024-08-07 14:10:48,753 ] 97 werkzeug - INFO -  * Detected change in 'C:\\Users\\sumit\\anaconda3\\Lib\\site-packages\\joblib\\__init__.py', reloading
[ 2024-08-07 14:10:48,784 ] 97 werkzeug - INFO -  * Detected change in 'C:\\Users\\sumit\\anaconda3\\Lib\\site-packages\\joblib\\memory.py', reloading
[ 2024-08-07 14:10:48,895 ] 97 werkzeug - INFO -  * Detected change in 'C:\\Users\\sumit\\anaconda3\\Lib\\site-packages\\joblib\\logger.py', reloading
[ 2024-08-07 14:10:48,917 ] 97 werkzeug - INFO -  * Detected change in 'C:\\Users\\sumit\\anaconda3\\Lib\\site-packages\\joblib\\hashing.py', reloading
[ 2024-08-07 14:10:48,939 ] 97 werkzeug - INFO -  * Detected change in 'C:\\Users\\sumit\\anaconda3\\Lib\\site-packages\\joblib\\numpy_pickle.py', reloading
[ 2024-08-07 14:10:48,966 ] 97 werkzeug - INFO -  * Detected change in 'C:\\Users\\sumit\\anaconda3\\Lib\\site-packages\\joblib\\compressor.py', reloading
[ 2024-08-07 14:10:48,996 ] 97 werkzeug - INFO -  * Detected change in 'C:\\Users\\sumit\\anaconda3\\Lib\\site-packages\\joblib\\parallel.py', reloading
[ 2024-08-07 14:10:49,024 ] 97 werkzeug - INFO -  * Detected change in 'C:\\Users\\sumit\\anaconda3\\Lib\\site-packages\\joblib\\_cloudpickle_wrapper.py', reloading
[ 2024-08-07 14:10:49,045 ] 97 werkzeug - INFO -  * Detected change in 'C:\\Users\\sumit\\anaconda3\\Lib\\site-packages\\json5\\__init__.py', reloading
[ 2024-08-07 14:10:49,070 ] 97 werkzeug - INFO -  * Detected change in 'C:\\Users\\sumit\\anaconda3\\Lib\\site-packages\\json5\\lib.py', reloading
[ 2024-08-07 14:10:49,085 ] 97 werkzeug - INFO -  * Detected change in 'C:\\Users\\sumit\\anaconda3\\Lib\\site-packages\\json5\\version.py', reloading
[ 2024-08-07 14:10:49,099 ] 97 werkzeug - INFO -  * Detected change in 'C:\\Users\\sumit\\anaconda3\\Lib\\site-packages\\jsonschema_specifications\\__init__.py', reloading
[ 2024-08-07 14:10:49,116 ] 97 werkzeug - INFO -  * Detected change in 'C:\\Users\\sumit\\anaconda3\\Lib\\site-packages\\jupyterlab\\__init__.py', reloading
[ 2024-08-07 14:10:49,128 ] 97 werkzeug - INFO -  * Detected change in 'C:\\Users\\sumit\\anaconda3\\Lib\\site-packages\\jupyterlab_plotly\\__init__.py', reloading
[ 2024-08-07 14:10:49,139 ] 97 werkzeug - INFO -  * Detected change in 'C:\\Users\\sumit\\anaconda3\\Lib\\site-packages\\jupyterlab_pygments\\__init__.py', reloading
[ 2024-08-07 14:10:49,152 ] 97 werkzeug - INFO -  * Detected change in 'C:\\Users\\sumit\\anaconda3\\Lib\\site-packages\\jupyterlab_server\\__init__.py', reloading
[ 2024-08-07 14:10:49,166 ] 97 werkzeug - INFO -  * Detected change in 'C:\\Users\\sumit\\anaconda3\\Lib\\site-packages\\jupyterlab_server\\_version.py', reloading
[ 2024-08-07 14:10:49,183 ] 97 werkzeug - INFO -  * Detected change in 'C:\\Users\\sumit\\anaconda3\\Lib\\site-packages\\jupyterlab_server\\app.py', reloading
[ 2024-08-07 14:10:49,211 ] 97 werkzeug - INFO -  * Detected change in 'C:\\Users\\sumit\\anaconda3\\Lib\\site-packages\\jupyterlab_server\\handlers.py', reloading
[ 2024-08-07 14:10:49,251 ] 97 werkzeug - INFO -  * Detected change in 'C:\\Users\\sumit\\anaconda3\\Lib\\site-packages\\jupyterlab_server\\config.py', reloading
