[ 2024-08-07 14:10:51,277 ] 160 numexpr.utils - INFO - NumExpr defaulting to 4 threads.
[ 2024-08-07 14:10:55,064 ] 97 werkzeug - WARNING -  * Debugger is active!
[ 2024-08-07 14:10:55,070 ] 97 werkzeug - INFO -  * Debugger PIN: 145-940-363
[ 2024-08-07 14:10:55,112 ] 97 werkzeug - INFO -  * Detected change in 'C:\\Users\\sumit\\anaconda3\\Lib\\site-packages\\prompt_toolkit\\shortcuts\\prompt.py', reloading
[ 2024-08-07 14:10:55,147 ] 97 werkzeug - INFO -  * Detected change in 'C:\\Users\\sumit\\anaconda3\\Lib\\site-packages\\prompt_toolkit\\shortcuts\\utils.py', reloading
[ 2024-08-07 14:10:55,160 ] 97 werkzeug - INFO -  * Detected change in 'C:\\Users\\sumit\\anaconda3\\Lib\\site-packages\\ptyprocess\\__init__.py', reloading
[ 2024-08-07 14:10:55,169 ] 97 werkzeug - INFO -  * Detected change in 'C:\\Users\\sumit\\anaconda3\\Lib\\site-packages\\pure_eval\\__init__.py', reloading
[ 2024-08-07 14:10:55,188 ] 97 werkzeug - INFO -  * Detected change in 'C:\\Users\\sumit\\anaconda3\\Lib\\site-packages\\pyarrow\\__init__.py', reloading
[ 2024-08-07 14:10:55,197 ] 97 werkzeug - INFO -  * Detected change in 'C:\\Users\\sumit\\anaconda3\\Lib\\site-packages\\pyasn1_modules\\__init__.py', reloading
[ 2024-08-07 14:10:55,214 ] 97 werkzeug - INFO -  * Detected change in 'C:\\Users\\sumit\\anaconda3\\Lib\\site-packages\\pycparser\\__init__.py', reloading
[ 2024-08-07 14:10:55,229 ] 97 werkzeug - INFO -  * Detected change in 'C:\\Users\\sumit\\anaconda3\\Lib\\site-packages\\pyct\\__init__.py', reloading
[ 2024-08-07 14:10:55,254 ] 97 werkzeug - INFO -  * Detected change in 'C:\\Users\\sumit\\anaconda3\\Lib\\site-packages\\pydantic\\__init__.py', reloading
[ 2024-08-07 14:10:55,281 ] 97 werkzeug - INFO -  * Detected change in 'C:\\Users\\sumit\\anaconda3\\Lib\\site-packages\\pydantic\\errors.py', reloading
[ 2024-08-07 14:10:55,308 ] 97 werkzeug - INFO -  * Detected change in 'C:\\Users\\sumit\\anaconda3\\Lib\\site-packages\\pydantic\\main.py', reloading
[ 2024-08-07 14:10:55,340 ] 97 werkzeug - INFO -  * Detected change in 'C:\\Users\\sumit\\anaconda3\\Lib\\site-packages\\pydantic\\networks.py', reloading
[ 2024-08-07 14:10:55,367 ] 97 werkzeug - INFO -  * Detected change in 'C:\\Users\\sumit\\anaconda3\\Lib\\site-packages\\pydantic\\types.py', reloading
[ 2024-08-07 14:10:55,401 ] 97 werkzeug - INFO -  * Detected change in 'C:\\Users\\sumit\\anaconda3\\Lib\\site-packages\\pydantic\\deprecated\\tools.py', reloading
[ 2024-08-07 14:10:55,431 ] 97 werkzeug - INFO -  * Detected change in 'C:\\Users\\sumit\\anaconda3\\Lib\\site-packages\\pydantic\\version.py', reloading
[ 2024-08-07 14:10:55,467 ] 97 werkzeug - INFO -  * Detected change in 'C:\\Users\\sumit\\anaconda3\\Lib\\site-packages\\pydantic_core\\core_schema.py', reloading
[ 2024-08-07 14:10:55,508 ] 97 werkzeug - INFO -  * Detected change in 'C:\\Users\\sumit\\anaconda3\\Lib\\site-packages\\pydantic\\_internal\\_generate_schema.py', reloading
[ 2024-08-07 14:10:55,533 ] 97 werkzeug - INFO -  * Detected change in 'C:\\Users\\sumit\\anaconda3\\Lib\\site-packages\\pydantic\\annotated_handlers.py', reloading
[ 2024-08-07 14:10:55,550 ] 97 werkzeug - INFO -  * Detected change in 'C:\\Users\\sumit\\anaconda3\\Lib\\site-packages\\pydantic\\config.py', reloading
[ 2024-08-07 14:10:55,568 ] 97 werkzeug - INFO -  * Detected change in 'C:\\Users\\sumit\\anaconda3\\Lib\\site-packages\\pydantic\\fields.py', reloading
[ 2024-08-07 14:10:55,592 ] 97 werkzeug - INFO -  * Detected change in 'C:\\Users\\sumit\\anaconda3\\Lib\\site-packages\\pydantic\\functional_serializers.py', reloading
[ 2024-08-07 14:10:55,609 ] 97 werkzeug - INFO -  * Detected change in 'C:\\Users\\sumit\\anaconda3\\Lib\\site-packages\\pydantic\\functional_validators.py', reloading
[ 2024-08-07 14:10:55,636 ] 97 werkzeug - INFO -  * Detected change in 'C:\\Users\\sumit\\anaconda3\\Lib\\site-packages\\pydantic\\json_schema.py', reloading
[ 2024-08-07 14:10:55,670 ] 97 werkzeug - INFO -  * Detected change in 'C:\\Users\\sumit\\anaconda3\\Lib\\site-packages\\pydantic\\type_adapter.py', reloading
[ 2024-08-07 14:10:55,689 ] 97 werkzeug - INFO -  * Detected change in 'C:\\Users\\sumit\\anaconda3\\Lib\\site-packages\\pydantic\\validate_call_decorator.py', reloading
[ 2024-08-07 14:10:55,705 ] 97 werkzeug - INFO -  * Detected change in 'C:\\Users\\sumit\\anaconda3\\Lib\\site-packages\\pydantic\\warnings.py', reloading
[ 2024-08-07 14:10:55,719 ] 97 werkzeug - INFO -  * Detected change in 'C:\\Users\\sumit\\anaconda3\\Lib\\site-packages\\pydantic\\deprecated\\class_validators.py', reloading
[ 2024-08-07 14:10:55,733 ] 97 werkzeug - INFO -  * Detected change in 'C:\\Users\\sumit\\anaconda3\\Lib\\site-packages\\pydantic\\deprecated\\config.py', reloading
[ 2024-08-07 14:10:55,750 ] 97 werkzeug - INFO -  * Detected change in 'C:\\Users\\sumit\\anaconda3\\Lib\\site-packages\\pydantic\\root_model.py', reloading
[ 2024-08-07 14:10:55,763 ] 97 werkzeug - INFO -  * Detected change in 'C:\\Users\\sumit\\anaconda3\\Lib\\site-packages\\pydantic_core\\__init__.py', reloading
[ 2024-08-07 14:10:55,792 ] 97 werkzeug - INFO -  * Detected change in 'C:\\Users\\sumit\\anaconda3\\Lib\\site-packages\\pydeck\\__init__.py', reloading
[ 2024-08-07 14:10:55,801 ] 97 werkzeug - INFO -  * Detected change in 'C:\\Users\\sumit\\anaconda3\\Lib\\site-packages\\pydispatch\\__init__.py', reloading
[ 2024-08-07 14:10:55,811 ] 97 werkzeug - INFO -  * Detected change in 'C:\\Users\\sumit\\anaconda3\\Lib\\site-packages\\pydocstyle\\__init__.py', reloading
[ 2024-08-07 14:10:55,823 ] 97 werkzeug - INFO -  * Detected change in 'C:\\Users\\sumit\\anaconda3\\Lib\\site-packages\\pylint\\__init__.py', reloading
[ 2024-08-07 14:10:55,838 ] 97 werkzeug - INFO -  * Detected change in 'C:\\Users\\sumit\\anaconda3\\Lib\\site-packages\\pylint\\__pkginfo__.py', reloading
[ 2024-08-07 14:10:55,850 ] 97 werkzeug - INFO -  * Detected change in 'C:\\Users\\sumit\\anaconda3\\Lib\\site-packages\\pylsp\\__init__.py', reloading
[ 2024-08-07 14:10:55,863 ] 97 werkzeug - INFO -  * Detected change in 'C:\\Users\\sumit\\anaconda3\\Lib\\site-packages\\pylsp\\_version.py', reloading
[ 2024-08-07 14:10:55,878 ] 97 werkzeug - INFO -  * Detected change in 'C:\\Users\\sumit\\anaconda3\\Lib\\site-packages\\pylsp_jsonrpc\\__init__.py', reloading
[ 2024-08-07 14:10:55,892 ] 97 werkzeug - INFO -  * Detected change in 'C:\\Users\\sumit\\anaconda3\\Lib\\site-packages\\pylsp_jsonrpc\\_version.py', reloading
[ 2024-08-07 14:10:55,903 ] 97 werkzeug - INFO -  * Detected change in 'C:\\Users\\sumit\\anaconda3\\Lib\\site-packages\\pyls_spyder\\__init__.py', reloading
[ 2024-08-07 14:10:55,922 ] 97 werkzeug - INFO -  * Detected change in 'C:\\Users\\sumit\\anaconda3\\Lib\\site-packages\\pyparsing\\__init__.py', reloading
[ 2024-08-07 14:10:55,941 ] 97 werkzeug - INFO -  * Detected change in 'C:\\Users\\sumit\\anaconda3\\Lib\\site-packages\\pyparsing\\util.py', reloading
[ 2024-08-07 14:10:55,958 ] 97 werkzeug - INFO -  * Detected change in 'C:\\Users\\sumit\\anaconda3\\Lib\\site-packages\\pyparsing\\exceptions.py', reloading
[ 2024-08-07 14:10:55,973 ] 97 werkzeug - INFO -  * Detected change in 'C:\\Users\\sumit\\anaconda3\\Lib\\site-packages\\pyparsing\\actions.py', reloading
[ 2024-08-07 14:10:55,992 ] 97 werkzeug - INFO -  * Detected change in 'C:\\Users\\sumit\\anaconda3\\Lib\\site-packages\\pyparsing\\results.py', reloading
[ 2024-08-07 14:10:56,010 ] 97 werkzeug - INFO -  * Detected change in 'C:\\Users\\sumit\\anaconda3\\Lib\\site-packages\\pyparsing\\core.py', reloading
[ 2024-08-07 14:10:56,057 ] 97 werkzeug - INFO -  * Detected change in 'C:\\Users\\sumit\\anaconda3\\Lib\\site-packages\\pyparsing\\helpers.py', reloading
[ 2024-08-07 14:10:56,086 ] 97 werkzeug - INFO -  * Detected change in 'C:\\Users\\sumit\\anaconda3\\Lib\\site-packages\\pyparsing\\unicode.py', reloading
